  pch.cpp
  AddNewDiemDlg.cpp
D:\lap trinh\C++Project\MFC_QuanLyDiemSinhVien\MFC_QLDSV\AddNewDiemDlg.cpp(113,16): warning C4244: '=': conversion from 'double' to 'float', possible loss of data
D:\lap trinh\C++Project\MFC_QuanLyDiemSinhVien\MFC_QLDSV\AddNewDiemDlg.cpp(114,16): warning C4244: '=': conversion from 'double' to 'float', possible loss of data
D:\lap trinh\C++Project\MFC_QuanLyDiemSinhVien\MFC_QLDSV\AddNewDiemDlg.cpp(115,16): warning C4244: '=': conversion from 'double' to 'float', possible loss of data
D:\lap trinh\C++Project\MFC_QuanLyDiemSinhVien\MFC_QLDSV\AddNewDiemDlg.cpp(116,40): warning C4244: '=': conversion from 'double' to 'float', possible loss of data
  ChuongTrinhDaoTao.cpp
D:\lap trinh\C++Project\MFC_QuanLyDiemSinhVien\MFC_QLDSV\ChuongTrinhDaoTao.cpp(633,21): warning C4566: character represented by universal-character-name '\u00F4' cannot be represented in the current code page (932)
D:\lap trinh\C++Project\MFC_QuanLyDiemSinhVien\MFC_QLDSV\ChuongTrinhDaoTao.cpp(633,21): warning C4566: character represented by universal-character-name '\u1ECD' cannot be represented in the current code page (932)
D:\lap trinh\C++Project\MFC_QuanLyDiemSinhVien\MFC_QLDSV\ChuongTrinhDaoTao.cpp(666,21): warning C4566: character represented by universal-character-name '\u1EDB' cannot be represented in the current code page (932)
D:\lap trinh\C++Project\MFC_QuanLyDiemSinhVien\MFC_QLDSV\ChuongTrinhDaoTao.cpp(666,21): warning C4566: character represented by universal-character-name '\u1ECD' cannot be represented in the current code page (932)
  Common.cpp
  DanhSachSinhVienTheoKhoa.cpp
D:\lap trinh\C++Project\MFC_QuanLyDiemSinhVien\MFC_QLDSV\DanhSachSinhVienTheoKhoa.cpp(215,16): warning C4244: 'initializing': conversion from 'double' to 'float', possible loss of data
D:\lap trinh\C++Project\MFC_QuanLyDiemSinhVien\MFC_QLDSV\DanhSachSinhVienTheoKhoa.cpp(216,16): warning C4244: 'initializing': conversion from 'double' to 'float', possible loss of data
D:\lap trinh\C++Project\MFC_QuanLyDiemSinhVien\MFC_QLDSV\DanhSachSinhVienTheoKhoa.cpp(217,16): warning C4244: 'initializing': conversion from 'double' to 'float', possible loss of data
D:\lap trinh\C++Project\MFC_QuanLyDiemSinhVien\MFC_QLDSV\DanhSachSinhVienTheoKhoa.cpp(218,16): warning C4244: 'initializing': conversion from 'double' to 'float', possible loss of data
D:\lap trinh\C++Project\MFC_QuanLyDiemSinhVien\MFC_QLDSV\DanhSachSinhVienTheoKhoa.cpp(456,14): warning C4244: 'initializing': conversion from 'INT_PTR' to 'int', possible loss of data
D:\lap trinh\C++Project\MFC_QuanLyDiemSinhVien\MFC_QLDSV\DanhSachSinhVienTheoKhoa.cpp(522,18): warning C4244: '=': conversion from 'double' to 'float', possible loss of data
D:\lap trinh\C++Project\MFC_QuanLyDiemSinhVien\MFC_QLDSV\DanhSachSinhVienTheoKhoa.cpp(523,18): warning C4244: '=': conversion from 'double' to 'float', possible loss of data
D:\lap trinh\C++Project\MFC_QuanLyDiemSinhVien\MFC_QLDSV\DanhSachSinhVienTheoKhoa.cpp(524,18): warning C4244: '=': conversion from 'double' to 'float', possible loss of data
D:\lap trinh\C++Project\MFC_QuanLyDiemSinhVien\MFC_QLDSV\DanhSachSinhVienTheoKhoa.cpp(525,18): warning C4244: '=': conversion from 'double' to 'float', possible loss of data
  MainWnd.cpp
  MFC_QLDSV.cpp
  MFC_ViewSinhVienDlg.cpp
  QLSV.cpp
D:\lap trinh\C++Project\MFC_QuanLyDiemSinhVien\MFC_QLDSV\QLSV.cpp(257,15): warning C4244: 'initializing': conversion from 'double' to 'float', possible loss of data
D:\lap trinh\C++Project\MFC_QuanLyDiemSinhVien\MFC_QLDSV\QLSV.cpp(417,14): warning C4244: 'initializing': conversion from 'INT_PTR' to 'int', possible loss of data
D:\lap trinh\C++Project\MFC_QuanLyDiemSinhVien\MFC_QLDSV\QLSV.cpp(434,14): warning C4244: 'initializing': conversion from 'INT_PTR' to 'int', possible loss of data
D:\lap trinh\C++Project\MFC_QuanLyDiemSinhVien\MFC_QLDSV\QLSV.cpp(559,18): warning C4244: '=': conversion from 'double' to 'float', possible loss of data
odbccp32.lib(dllload.obj) : error LNK2001: unresolved external symbol _vsnwprintf_s
D:\lap trinh\C++Project\MFC_QuanLyDiemSinhVien\x64\Release\MFC_QLDSV.exe : fatal error LNK1120: 1 unresolved externals
